
Showing logs for build [32mablazleon-mynodejx-pr-1-pr-buil-p2vcz-1[0m stage [32mfrom-build-pack[0m and container [32mstep-credential-initializer-gck5b[0m
{"level":"info","ts":1593099076.6996124,"logger":"fallback-logger","caller":"logging/config.go:69","msg":"Fetch GitHub commit ID from kodata failed: open /var/run/ko/refs/heads/0.8.0-ns-support: no such file or directory"}
{"level":"info","ts":1593099076.7002015,"logger":"fallback-logger","caller":"creds-init/main.go:40","msg":"Credentials initialized."}

Showing logs for build [32mablazleon-mynodejx-pr-1-pr-buil-p2vcz-1[0m stage [32mfrom-build-pack[0m and container [32mstep-working-dir-initializer-zbc5d[0m
{"level":"info","ts":1593099078.0506036,"logger":"fallback-logger","caller":"logging/config.go:69","msg":"Fetch GitHub commit ID from kodata failed: open /var/run/ko/HEAD: no such file or directory"}
{"level":"info","ts":1593099078.0524073,"logger":"fallback-logger","caller":"bash/main.go:64","msg":"Successfully executed command \"sh -c mkdir -p /workspace/source\"; output "}

Showing logs for build [32mablazleon-mynodejx-pr-1-pr-buil-p2vcz-1[0m stage [32mfrom-build-pack[0m and container [32mstep-place-tools[0m

Showing logs for build [32mablazleon-mynodejx-pr-1-pr-buil-p2vcz-1[0m stage [32mfrom-build-pack[0m and container [32mstep-git-source-ablazleon-mynodejx-pr-1-pr-buil-p2vcz-vln54[0m
{"level":"info","ts":1593099085.1507766,"logger":"fallback-logger","caller":"logging/config.go:69","msg":"Fetch GitHub commit ID from kodata failed: open /var/run/ko/refs/heads/0.8.0-ns-support: no such file or directory"}
{"level":"info","ts":1593099086.272102,"logger":"fallback-logger","caller":"git/git.go:103","msg":"Successfully cloned https://github.com/*********/mynode**.git @ master in path /workspace/source"}

Showing logs for build [32mablazleon-mynodejx-pr-1-pr-buil-p2vcz-1[0m stage [32mfrom-build-pack[0m and container [32mstep-setup-builder-home[0m

Showing logs for build [32mablazleon-mynodejx-pr-1-pr-buil-p2vcz-1[0m stage [32mfrom-build-pack[0m and container [32mstep-git-merge[0m
Using SHAs from PULL_REFS=master:542ce3ddb0ae22ba4be14121d21f33c7b0b220ff,1:bf559fe9911ea0effae020d1b8dd3c5f5103acda
DEBUG: LC_ALL=C JX_LOG_LEVEL=error git fetch origin --unshallow bf559fe9911ea0effae020d1b8dd3c5f5103acda: 542ce3ddb0ae22ba4be14121d21f33c7b0b220ff:
DEBUG: ran git fetch --unshallow origin bf559fe9911ea0effae020d1b8dd3c5f5103acda: 542ce3ddb0ae22ba4be14121d21f33c7b0b220ff: in 
DEBUG: LC_ALL=C JX_LOG_LEVEL=error git branch
DEBUG: LC_ALL=C JX_LOG_LEVEL=error git checkout master
DEBUG: ran git checkout master in 
DEBUG: LC_ALL=C JX_LOG_LEVEL=error git reset --hard 542ce3ddb0ae22ba4be14121d21f33c7b0b220ff
DEBUG: ran git reset --hard 542ce3ddb0ae22ba4be14121d21f33c7b0b220ff in 
DEBUG: LC_ALL=C JX_LOG_LEVEL=error git clean -fd .
DEBUG: ran clean --force -d . in 
DEBUG: LC_ALL=C JX_LOG_LEVEL=error git merge bf559fe9911ea0effae020d1b8dd3c5f5103acda
DEBUG: ran git merge bf559fe9911ea0effae020d1b8dd3c5f5103acda in 
DEBUG: LC_ALL=C JX_LOG_LEVEL=error git log --format=%H%x1f%an%x1f%ae%x1f%cn%x1f%ce%x1f%s%n%b%x1e 542ce3ddb0ae22ba4be14121d21f33c7b0b220ff..HEAD
Merged SHA bf559fe9911ea0effae020d1b8dd3c5f5103acda with commit message 'Update index.html' into base branch master

Showing logs for build [32mablazleon-mynodejx-pr-1-pr-buil-p2vcz-1[0m stage [32mfrom-build-pack[0m and container [32mstep-build-npmrc[0m
WARNING: failed to find Secret npm-token in namespace **

Showing logs for build [32mablazleon-mynodejx-pr-1-pr-buil-p2vcz-1[0m stage [32mfrom-build-pack[0m and container [32mstep-build-npm-install[0m
npm notice created a lockfile as package-lock.json. You should commit this file.
npm WARN REPLACE_ME@1.0.0 No repository field.
npm WARN REPLACE_ME@1.0.0 No license field.

up to date in 0.903s
found 0 vulnerabilities


Showing logs for build [32mablazleon-mynodejx-pr-1-pr-buil-p2vcz-1[0m stage [32mfrom-build-pack[0m and container [32mstep-build-npm-test[0m

> REPLACE_ME@1.0.0 test /workspace/source
> echo "no test specified" && exit 0

no test specified

Showing logs for build [32mablazleon-mynodejx-pr-1-pr-buil-p2vcz-1[0m stage [32mfrom-build-pack[0m and container [32mstep-build-container-build[0m
E0625 15:31:32.494217       9 aws_credentials.go:77] while getting AWS credentials NoCredentialProviders: no valid providers in chain. Deprecated.
	For verbose messaging see aws.Config.CredentialsChainVerboseErrors
[36mINFO[0m[0001] Using dockerignore file: /workspace/source/.dockerignore 
[36mINFO[0m[0001] Retrieving image manifest node:9-slim        
E0625 15:31:32.886528       9 metadata.go:154] while reading 'google-dockercfg' metadata: http status code: 404 while fetching url http://metadata.google.internal./computeMetadata/v1/instance/attributes/google-dockercfg
E0625 15:31:32.889173       9 metadata.go:166] while reading 'google-dockercfg-url' metadata: http status code: 404 while fetching url http://metadata.google.internal./computeMetadata/v1/instance/attributes/google-dockercfg-url
[36mINFO[0m[0002] Retrieving image manifest node:9-slim        
[36mINFO[0m[0003] Built cross stage deps: map[]                
[36mINFO[0m[0003] Retrieving image manifest node:9-slim        
[36mINFO[0m[0004] Retrieving image manifest node:9-slim        
[36mINFO[0m[0005] Executing 0 build triggers                   
[36mINFO[0m[0005] cmd: EXPOSE                                  
[36mINFO[0m[0005] Adding exposed port: 8080/tcp                
[36mINFO[0m[0005] Checking for cached layer gcr.io/envjenkinsk8udacitycapstone/cache:5a87c2f1046d0f8882c7063f8b1ee4ee2796b9c4d6c2469bff0ee1515b235664... 
[36mINFO[0m[0006] No cached layer found for cmd COPY . .       
[36mINFO[0m[0006] Unpacking rootfs as cmd COPY . . requires it. 
[36mINFO[0m[0010] ENV PORT 8080                                
[36mINFO[0m[0010] No files changed in this command, skipping snapshotting. 
[36mINFO[0m[0010] EXPOSE 8080                                  
[36mINFO[0m[0010] cmd: EXPOSE                                  
[36mINFO[0m[0010] Adding exposed port: 8080/tcp                
[36mINFO[0m[0010] No files changed in this command, skipping snapshotting. 
[36mINFO[0m[0010] WORKDIR /usr/src/app                         
[36mINFO[0m[0010] cmd: workdir                                 
[36mINFO[0m[0010] Changed working directory to /usr/src/app    
[36mINFO[0m[0010] Creating directory /usr/src/app              
[36mINFO[0m[0010] Resolving 1 paths                            
[36mINFO[0m[0010] Taking snapshot of files...                  
[36mINFO[0m[0010] COPY . .                                     
[36mINFO[0m[0011] Resolving 151 paths                          
[36mINFO[0m[0011] Taking snapshot of files...                  
[36mINFO[0m[0011] CMD ["npm", "start"]                         
[36mINFO[0m[0011] No files changed in this command, skipping snapshotting. 
[36mINFO[0m[0011] Pushing layer gcr.io/envjenkinsk8udacitycapstone/cache:5a87c2f1046d0f8882c7063f8b1ee4ee2796b9c4d6c2469bff0ee1515b235664 to cache now 

Showing logs for build [32mablazleon-mynodejx-pr-1-pr-buil-p2vcz-1[0m stage [32mfrom-build-pack[0m and container [32mstep-postbuild-post-build[0m
no CVE provider running in the current ** namespace so skip adding image to be analysed

Showing logs for build [32mablazleon-mynodejx-pr-1-pr-buil-p2vcz-1[0m stage [32mfrom-build-pack[0m and container [32mstep-promote-make-preview[0m
sed -i -e "s/version:.*/version: 0.0.0-SNAPSHOT-PR-1-1/" Chart.yaml
sed -i -e "s/version:.*/version: 0.0.0-SNAPSHOT-PR-1-1/" ../*/Chart.yaml
sed -i -e "s|repository:.*|repository: gcr.io\/envjenkinsk8udacitycapstone\/mynode**|" values.yaml
sed -i -e "s/tag:.*/tag: 0.0.0-SNAPSHOT-PR-1-1/" values.yaml
echo "  version: 0.0.0-SNAPSHOT-PR-1-1" >> requirements.yaml
** step helm build
WARNING: No $CHART_REPOSITORY defined so using the default value of: http://jenkins-x-chartmuseum:8080
Adding missing Helm repo: storage.googleapis.com https://storage.googleapis.com/chartmuseum.jenkins-x.io
Successfully added Helm repository storage.googleapis.com.
Adding missing Helm repo: jenkins-x-chartmuseum http://jenkins-x-chartmuseum:8080
Successfully added Helm repository jenkins-x-chartmuseum.
WARNING: No $CHART_REPOSITORY defined so using the default value of: http://jenkins-x-chartmuseum:8080
Adding missing Helm repo: chartmuseum.jenkins-x.io http://chartmuseum.jenkins-x.io
Successfully added Helm repository chartmuseum.jenkins-x.io.

Showing logs for build [32mablazleon-mynodejx-pr-1-pr-buil-p2vcz-1[0m stage [32mfrom-build-pack[0m and container [32mstep-promote-jx-preview[0m
Creating a preview
Found commit author match for: ********* with email address: adrian.blazquez.leon@alumnos.upm.es
Created environment *********-mynode**-pr-1
Namespace **-*********-mynode**-pr-1 created 
expose:
  Annotations:
    helm.sh/hook: post-install,post-upgrade
    helm.sh/hook-delete-policy: hook-succeeded
  config:
    domain: 34.90.4.33.nip.io
    exposer: Ingress
    http: "true"
preview:
  image:
    repository: gcr.io/envjenkinsk8udacitycapstone/mynode**
    tag: 0.0.0-SNAPSHOT-PR-1-1

Updating PipelineActivities *********-mynode**-pr-1-1 which has status Running
WARNING: preview application http://mynode**.**-*********-mynode**-pr-1.34.90.4.33.nip.io not available, error was 503 503 Service Temporarily Unavailable, delaying for: 783.034151ms
WARNING: preview application http://mynode**.**-*********-mynode**-pr-1.34.90.4.33.nip.io not available, error was 503 503 Service Temporarily Unavailable, delaying for: 1.077829579s
WARNING: preview application http://mynode**.**-*********-mynode**-pr-1.34.90.4.33.nip.io not available, error was 503 503 Service Temporarily Unavailable, delaying for: 2.409014871s
WARNING: preview application http://mynode**.**-*********-mynode**-pr-1.34.90.4.33.nip.io not available, error was 503 503 Service Temporarily Unavailable, delaying for: 2.690153652s
Preview application is now available at: http://mynode**.**-*********-mynode**-pr-1.34.90.4.33.nip.io
