
Showing logs for build [32mablazleon-mynodejx-master-relea-2vtx2-2[0m stage [32mfrom-build-pack[0m and container [32mstep-credential-initializer-vbzmn[0m
{"level":"info","ts":1593099386.6619446,"logger":"fallback-logger","caller":"logging/config.go:69","msg":"Fetch GitHub commit ID from kodata failed: open /var/run/ko/refs/heads/0.8.0-ns-support: no such file or directory"}
{"level":"info","ts":1593099386.662438,"logger":"fallback-logger","caller":"creds-init/main.go:40","msg":"Credentials initialized."}

Showing logs for build [32mablazleon-mynodejx-master-relea-2vtx2-2[0m stage [32mfrom-build-pack[0m and container [32mstep-working-dir-initializer-2hhf7[0m
{"level":"info","ts":1593099387.203812,"logger":"fallback-logger","caller":"logging/config.go:69","msg":"Fetch GitHub commit ID from kodata failed: open /var/run/ko/HEAD: no such file or directory"}
{"level":"info","ts":1593099387.205865,"logger":"fallback-logger","caller":"bash/main.go:64","msg":"Successfully executed command \"sh -c mkdir -p /workspace/source\"; output "}

Showing logs for build [32mablazleon-mynodejx-master-relea-2vtx2-2[0m stage [32mfrom-build-pack[0m and container [32mstep-place-tools[0m

Showing logs for build [32mablazleon-mynodejx-master-relea-2vtx2-2[0m stage [32mfrom-build-pack[0m and container [32mstep-git-source-ablazleon-mynodejx-master-relea-2vtx2-l7kd7[0m
{"level":"info","ts":1593099394.367883,"logger":"fallback-logger","caller":"logging/config.go:69","msg":"Fetch GitHub commit ID from kodata failed: open /var/run/ko/refs/heads/0.8.0-ns-support: no such file or directory"}
{"level":"info","ts":1593099395.4496007,"logger":"fallback-logger","caller":"git/git.go:103","msg":"Successfully cloned https://github.com/*********/mynode**.git @ v0.0.2 in path /workspace/source"}

Showing logs for build [32mablazleon-mynodejx-master-relea-2vtx2-2[0m stage [32mfrom-build-pack[0m and container [32mstep-setup-builder-home[0m

Showing logs for build [32mablazleon-mynodejx-master-relea-2vtx2-2[0m stage [32mfrom-build-pack[0m and container [32mstep-git-merge[0m
Using SHAs from PULL_REFS=master:66c74e83c2c290b955bf378b3e86d7462d149fe9
WARNING: no SHAs to merge, falling back to initial cloned commit

Showing logs for build [32mablazleon-mynodejx-master-relea-2vtx2-2[0m stage [32mfrom-build-pack[0m and container [32mstep-setup-jx-git-credentials[0m
Generated Git credentials file /workspace/xdg_config/git/credentials

Showing logs for build [32mablazleon-mynodejx-master-relea-2vtx2-2[0m stage [32mfrom-build-pack[0m and container [32mstep-build-npmrc[0m
WARNING: failed to find Secret npm-token in namespace **

Showing logs for build [32mablazleon-mynodejx-master-relea-2vtx2-2[0m stage [32mfrom-build-pack[0m and container [32mstep-build-npm-install[0m
npm notice created a lockfile as package-lock.json. You should commit this file.
npm WARN REPLACE_ME@1.0.0 No repository field.
npm WARN REPLACE_ME@1.0.0 No license field.

up to date in 0.905s
found 0 vulnerabilities


Showing logs for build [32mablazleon-mynodejx-master-relea-2vtx2-2[0m stage [32mfrom-build-pack[0m and container [32mstep-build-npm-test[0m

> REPLACE_ME@1.0.0 test /workspace/source
> echo "no test specified" && exit 0

no test specified

Showing logs for build [32mablazleon-mynodejx-master-relea-2vtx2-2[0m stage [32mfrom-build-pack[0m and container [32mstep-build-container-build[0m
E0625 15:36:40.759514       9 aws_credentials.go:77] while getting AWS credentials NoCredentialProviders: no valid providers in chain. Deprecated.
	For verbose messaging see aws.Config.CredentialsChainVerboseErrors
[36mINFO[0m[0000] Using dockerignore file: /workspace/source/.dockerignore 
[36mINFO[0m[0000] Retrieving image manifest node:9-slim        
E0625 15:36:41.142464       9 metadata.go:154] while reading 'google-dockercfg' metadata: http status code: 404 while fetching url http://metadata.google.internal./computeMetadata/v1/instance/attributes/google-dockercfg
E0625 15:36:41.145312       9 metadata.go:166] while reading 'google-dockercfg-url' metadata: http status code: 404 while fetching url http://metadata.google.internal./computeMetadata/v1/instance/attributes/google-dockercfg-url
[36mINFO[0m[0002] Retrieving image manifest node:9-slim        
[36mINFO[0m[0003] Built cross stage deps: map[]                
[36mINFO[0m[0003] Retrieving image manifest node:9-slim        
[36mINFO[0m[0004] Retrieving image manifest node:9-slim        
[36mINFO[0m[0005] Executing 0 build triggers                   
[36mINFO[0m[0005] cmd: EXPOSE                                  
[36mINFO[0m[0005] Adding exposed port: 8080/tcp                
[36mINFO[0m[0005] Checking for cached layer gcr.io/envjenkinsk8udacitycapstone/cache:2b338b35bafb373357eea78d1f9249b89e233f7c79e40ac15b1c05102518f8d1... 
[36mINFO[0m[0006] No cached layer found for cmd COPY . .       
[36mINFO[0m[0006] Unpacking rootfs as cmd COPY . . requires it. 
[36mINFO[0m[0011] ENV PORT 8080                                
[36mINFO[0m[0011] No files changed in this command, skipping snapshotting. 
[36mINFO[0m[0011] EXPOSE 8080                                  
[36mINFO[0m[0011] cmd: EXPOSE                                  
[36mINFO[0m[0011] Adding exposed port: 8080/tcp                
[36mINFO[0m[0011] No files changed in this command, skipping snapshotting. 
[36mINFO[0m[0011] WORKDIR /usr/src/app                         
[36mINFO[0m[0011] cmd: workdir                                 
[36mINFO[0m[0011] Changed working directory to /usr/src/app    
[36mINFO[0m[0011] Creating directory /usr/src/app              
[36mINFO[0m[0011] Resolving 1 paths                            
[36mINFO[0m[0011] Taking snapshot of files...                  
[36mINFO[0m[0011] COPY . .                                     
[36mINFO[0m[0011] Resolving 129 paths                          
[36mINFO[0m[0011] Taking snapshot of files...                  
[36mINFO[0m[0011] Pushing layer gcr.io/envjenkinsk8udacitycapstone/cache:2b338b35bafb373357eea78d1f9249b89e233f7c79e40ac15b1c05102518f8d1 to cache now 
[36mINFO[0m[0011] CMD ["npm", "start"]                         
[36mINFO[0m[0011] No files changed in this command, skipping snapshotting. 

Showing logs for build [32mablazleon-mynodejx-master-relea-2vtx2-2[0m stage [32mfrom-build-pack[0m and container [32mstep-build-post-build[0m
no CVE provider running in the current ** namespace so skip adding image to be analysed

Showing logs for build [32mablazleon-mynodejx-master-relea-2vtx2-2[0m stage [32mfrom-build-pack[0m and container [32mstep-promote-changelog[0m
Converted /workspace/source/charts/mynode** to an unshallow repository
Generating change log from git ref 7952b21b40bb518181e5d1eea16c5465f2066bf9 => 9d73678dcbf905ffa23fd1dd48fe82341ad7e5e7
Associating user ********* in users.jenkins.io with email adrian.blazquez.leon@alumnos.upm.es to git GitProvider user with login -0 as emails match
Adding label jenkins.io/git-github-userid=-0 to user ********* in users.jenkins.io
WARNING: Failed to enrich commit bf559fe9911ea0effae020d1b8dd3c5f5103acda with issues: User.jenkins.io "*********" is invalid: metadata.labels: Invalid value: "-0": a valid label must be an empty string or consist of alphanumeric characters, '-', '_' or '.', and must start and end with an alphanumeric character (e.g. 'MyValue',  or 'my_value',  or '12345', regex used for validation is '(([A-Za-z0-9][-A-Za-z0-9_.]*)?[A-Za-z0-9])?')
WARNING: Failed to enrich commit bf559fe9911ea0effae020d1b8dd3c5f5103acda with issues: users.jenkins.io "x-0" already exists
Finding issues in commit messages using git format
WARNING: No release found for *********/mynode** and tag v0.0.2 so creating a new release
Updated the release information at https://github.com/*********/mynode**/releases/tag/v0.0.2
generated: /workspace/source/charts/mynode**/templates/release.yaml
Created Release mynode**-0-0-2 resource in namespace **
Updating PipelineActivity *********-mynode**-master-2 with version 0.0.2
Updated PipelineActivities *********-mynode**-master-2 with release notes URL: https://github.com/*********/mynode**/releases/tag/v0.0.2

Showing logs for build [32mablazleon-mynodejx-master-relea-2vtx2-2[0m stage [32mfrom-build-pack[0m and container [32mstep-promote-helm-release[0m
WARNING: No $CHART_REPOSITORY defined so using the default value of: http://jenkins-x-chartmuseum:8080
Adding missing Helm repo: storage.googleapis.com https://storage.googleapis.com/chartmuseum.jenkins-x.io
Successfully added Helm repository storage.googleapis.com.
Adding missing Helm repo: jenkins-x-chartmuseum http://jenkins-x-chartmuseum:8080
Successfully added Helm repository jenkins-x-chartmuseum.
WARNING: No $CHART_REPOSITORY defined so using the default value of: http://jenkins-x-chartmuseum:8080
Uploading chart file mynode**-0.0.2.tgz to http://jenkins-x-chartmuseum:8080/api/charts
Received 201 response: {"saved":true}

Showing logs for build [32mablazleon-mynodejx-master-relea-2vtx2-2[0m stage [32mfrom-build-pack[0m and container [32mstep-promote-jx-promote[0m
WARNING: prow based install so skip waiting for the merge of Pull Requests to go green as currently there is an issue with gettingstatuses from the PR, see https://github.com/jenkins-x/**/issues/2410
WARNING: No $CHART_REPOSITORY defined so using the default value of: http://jenkins-x-chartmuseum:8080
Promoting app mynode** version 0.0.2 to namespace **-staging
Created Pull Request: https://github.com/*********/environment-**gke4-staging/pull/2
Added label updatebot to Pull Request https://github.com/*********/environment-**gke4-staging/pull/2
got git provider status pending from PR https://github.com/*********/environment-**gke4-staging/pull/2
got git provider status pending from PR https://github.com/*********/environment-**gke4-staging/pull/2
Pull Request https://github.com/*********/environment-**gke4-staging/pull/2 is merged at sha fcf479430dca361bc4ff450ddc1b7fc04473414f
Pull Request merged but we are not waiting for the update pipeline to complete!
