
Showing logs for build [32mablazleon-mynodejx-master-relea-jd2kr-3[0m stage [32mfrom-build-pack[0m and container [32mstep-credential-initializer-dkf5t[0m
{"level":"info","ts":1593101489.8249586,"logger":"fallback-logger","caller":"logging/config.go:69","msg":"Fetch GitHub commit ID from kodata failed: open /var/run/ko/refs/heads/0.8.0-ns-support: no such file or directory"}
{"level":"info","ts":1593101489.8270295,"logger":"fallback-logger","caller":"creds-init/main.go:40","msg":"Credentials initialized."}

Showing logs for build [32mablazleon-mynodejx-master-relea-jd2kr-3[0m stage [32mfrom-build-pack[0m and container [32mstep-working-dir-initializer-bmmmf[0m
{"level":"info","ts":1593101490.3307257,"logger":"fallback-logger","caller":"logging/config.go:69","msg":"Fetch GitHub commit ID from kodata failed: open /var/run/ko/HEAD: no such file or directory"}
{"level":"info","ts":1593101490.3324528,"logger":"fallback-logger","caller":"bash/main.go:64","msg":"Successfully executed command \"sh -c mkdir -p /workspace/source\"; output "}

Showing logs for build [32mablazleon-mynodejx-master-relea-jd2kr-3[0m stage [32mfrom-build-pack[0m and container [32mstep-place-tools[0m

Showing logs for build [32mablazleon-mynodejx-master-relea-jd2kr-3[0m stage [32mfrom-build-pack[0m and container [32mstep-git-source-ablazleon-mynodejx-master-relea-jd2kr-phlx7[0m
{"level":"info","ts":1593101524.4513347,"logger":"fallback-logger","caller":"logging/config.go:69","msg":"Fetch GitHub commit ID from kodata failed: open /var/run/ko/refs/heads/0.8.0-ns-support: no such file or directory"}
{"level":"info","ts":1593101525.5900016,"logger":"fallback-logger","caller":"git/git.go:103","msg":"Successfully cloned https://github.com/*********/mynode**.git @ v0.0.3 in path /workspace/source"}

Showing logs for build [32mablazleon-mynodejx-master-relea-jd2kr-3[0m stage [32mfrom-build-pack[0m and container [32mstep-setup-builder-home[0m

Showing logs for build [32mablazleon-mynodejx-master-relea-jd2kr-3[0m stage [32mfrom-build-pack[0m and container [32mstep-git-merge[0m
Using SHAs from PULL_REFS=master:f848e68758083c9150cd0de05130a6ee8b0948b4
WARNING: no SHAs to merge, falling back to initial cloned commit

Showing logs for build [32mablazleon-mynodejx-master-relea-jd2kr-3[0m stage [32mfrom-build-pack[0m and container [32mstep-setup-jx-git-credentials[0m
Generated Git credentials file /workspace/xdg_config/git/credentials

Showing logs for build [32mablazleon-mynodejx-master-relea-jd2kr-3[0m stage [32mfrom-build-pack[0m and container [32mstep-build-jslint[0m
npm ERR! missing script: lint

npm ERR! A complete log of this run can be found in:
npm ERR!     /builder/home/.npm/_logs/2020-06-25T16_12_07_602Z-debug.log
[31m
Pipeline failed on stage 'from-build-pack' : container 'step-build-jslint'. The execution of the pipeline has stopped.[0m
