
Showing logs for build [32mablazleon-mynodejx-pr-2-pr-buil-5l782-1[0m stage [32mfrom-build-pack[0m and container [32mstep-credential-initializer-m89mj[0m
{"level":"info","ts":1593099529.866711,"logger":"fallback-logger","caller":"logging/config.go:69","msg":"Fetch GitHub commit ID from kodata failed: open /var/run/ko/refs/heads/0.8.0-ns-support: no such file or directory"}
{"level":"info","ts":1593099529.867206,"logger":"fallback-logger","caller":"creds-init/main.go:40","msg":"Credentials initialized."}

Showing logs for build [32mablazleon-mynodejx-pr-2-pr-buil-5l782-1[0m stage [32mfrom-build-pack[0m and container [32mstep-working-dir-initializer-7kjsw[0m
{"level":"info","ts":1593099530.9250145,"logger":"fallback-logger","caller":"logging/config.go:69","msg":"Fetch GitHub commit ID from kodata failed: open /var/run/ko/HEAD: no such file or directory"}
{"level":"info","ts":1593099530.9303484,"logger":"fallback-logger","caller":"bash/main.go:64","msg":"Successfully executed command \"sh -c mkdir -p /workspace/source\"; output "}

Showing logs for build [32mablazleon-mynodejx-pr-2-pr-buil-5l782-1[0m stage [32mfrom-build-pack[0m and container [32mstep-place-tools[0m

Showing logs for build [32mablazleon-mynodejx-pr-2-pr-buil-5l782-1[0m stage [32mfrom-build-pack[0m and container [32mstep-git-source-ablazleon-mynodejx-pr-2-pr-buil-5l782-6tpxn[0m
{"level":"info","ts":1593099538.05023,"logger":"fallback-logger","caller":"logging/config.go:69","msg":"Fetch GitHub commit ID from kodata failed: open /var/run/ko/refs/heads/0.8.0-ns-support: no such file or directory"}
{"level":"info","ts":1593099539.1292238,"logger":"fallback-logger","caller":"git/git.go:103","msg":"Successfully cloned https://github.com/*********/mynode**.git @ master in path /workspace/source"}

Showing logs for build [32mablazleon-mynodejx-pr-2-pr-buil-5l782-1[0m stage [32mfrom-build-pack[0m and container [32mstep-setup-builder-home[0m

Showing logs for build [32mablazleon-mynodejx-pr-2-pr-buil-5l782-1[0m stage [32mfrom-build-pack[0m and container [32mstep-git-merge[0m
Using SHAs from PULL_REFS=master:66c74e83c2c290b955bf378b3e86d7462d149fe9,2:c8c47c071a94c88f471c884c173883d2985a3a3d
DEBUG: LC_ALL=C JX_LOG_LEVEL=error git fetch origin --unshallow c8c47c071a94c88f471c884c173883d2985a3a3d: 66c74e83c2c290b955bf378b3e86d7462d149fe9:
DEBUG: ran git fetch --unshallow origin c8c47c071a94c88f471c884c173883d2985a3a3d: 66c74e83c2c290b955bf378b3e86d7462d149fe9: in 
DEBUG: LC_ALL=C JX_LOG_LEVEL=error git branch
DEBUG: LC_ALL=C JX_LOG_LEVEL=error git checkout master
DEBUG: ran git checkout master in 
DEBUG: LC_ALL=C JX_LOG_LEVEL=error git reset --hard 66c74e83c2c290b955bf378b3e86d7462d149fe9
DEBUG: ran git reset --hard 66c74e83c2c290b955bf378b3e86d7462d149fe9 in 
DEBUG: LC_ALL=C JX_LOG_LEVEL=error git clean -fd .
DEBUG: ran clean --force -d . in 
DEBUG: LC_ALL=C JX_LOG_LEVEL=error git merge c8c47c071a94c88f471c884c173883d2985a3a3d
DEBUG: ran git merge c8c47c071a94c88f471c884c173883d2985a3a3d in 
DEBUG: LC_ALL=C JX_LOG_LEVEL=error git log --format=%H%x1f%an%x1f%ae%x1f%cn%x1f%ce%x1f%s%n%b%x1e 66c74e83c2c290b955bf378b3e86d7462d149fe9..HEAD
Merged SHA c8c47c071a94c88f471c884c173883d2985a3a3d with commit message 'Update jenkins-x.yml' into base branch master

Showing logs for build [32mablazleon-mynodejx-pr-2-pr-buil-5l782-1[0m stage [32mfrom-build-pack[0m and container [32mstep-build-npmrc[0m
WARNING: failed to find Secret npm-token in namespace **

Showing logs for build [32mablazleon-mynodejx-pr-2-pr-buil-5l782-1[0m stage [32mfrom-build-pack[0m and container [32mstep-build-npm-install[0m
npm notice created a lockfile as package-lock.json. You should commit this file.
npm WARN REPLACE_ME@1.0.0 No repository field.
npm WARN REPLACE_ME@1.0.0 No license field.

up to date in 0.943s
found 0 vulnerabilities


Showing logs for build [32mablazleon-mynodejx-pr-2-pr-buil-5l782-1[0m stage [32mfrom-build-pack[0m and container [32mstep-build-npm-test[0m

> REPLACE_ME@1.0.0 test /workspace/source
> echo "no test specified" && exit 0

no test specified

Showing logs for build [32mablazleon-mynodejx-pr-2-pr-buil-5l782-1[0m stage [32mfrom-build-pack[0m and container [32mstep-build-container-build[0m
E0625 15:39:05.355793      10 aws_credentials.go:77] while getting AWS credentials NoCredentialProviders: no valid providers in chain. Deprecated.
	For verbose messaging see aws.Config.CredentialsChainVerboseErrors
[36mINFO[0m[0001] Using dockerignore file: /workspace/source/.dockerignore 
[36mINFO[0m[0001] Retrieving image manifest node:9-slim        
E0625 15:39:05.699346      10 metadata.go:154] while reading 'google-dockercfg' metadata: http status code: 404 while fetching url http://metadata.google.internal./computeMetadata/v1/instance/attributes/google-dockercfg
E0625 15:39:05.702302      10 metadata.go:166] while reading 'google-dockercfg-url' metadata: http status code: 404 while fetching url http://metadata.google.internal./computeMetadata/v1/instance/attributes/google-dockercfg-url
[36mINFO[0m[0002] Retrieving image manifest node:9-slim        
[36mINFO[0m[0003] Built cross stage deps: map[]                
[36mINFO[0m[0003] Retrieving image manifest node:9-slim        
[36mINFO[0m[0004] Retrieving image manifest node:9-slim        
[36mINFO[0m[0005] Executing 0 build triggers                   
[36mINFO[0m[0005] cmd: EXPOSE                                  
[36mINFO[0m[0005] Adding exposed port: 8080/tcp                
[36mINFO[0m[0005] Checking for cached layer gcr.io/envjenkinsk8udacitycapstone/cache:4b68da773631d6c0107fc2242d08d793e7664eb3d58990d0a842a606adc9c751... 
[36mINFO[0m[0006] No cached layer found for cmd COPY . .       
[36mINFO[0m[0006] Unpacking rootfs as cmd COPY . . requires it. 
[36mINFO[0m[0011] ENV PORT 8080                                
[36mINFO[0m[0011] No files changed in this command, skipping snapshotting. 
[36mINFO[0m[0011] EXPOSE 8080                                  
[36mINFO[0m[0011] cmd: EXPOSE                                  
[36mINFO[0m[0011] Adding exposed port: 8080/tcp                
[36mINFO[0m[0011] No files changed in this command, skipping snapshotting. 
[36mINFO[0m[0011] WORKDIR /usr/src/app                         
[36mINFO[0m[0011] cmd: workdir                                 
[36mINFO[0m[0011] Changed working directory to /usr/src/app    
[36mINFO[0m[0011] Creating directory /usr/src/app              
[36mINFO[0m[0011] Resolving 1 paths                            
[36mINFO[0m[0011] Taking snapshot of files...                  
[36mINFO[0m[0011] COPY . .                                     
[36mINFO[0m[0011] Resolving 159 paths                          
[36mINFO[0m[0011] Taking snapshot of files...                  
[36mINFO[0m[0011] CMD ["npm", "start"]                         
[36mINFO[0m[0011] No files changed in this command, skipping snapshotting. 
[36mINFO[0m[0011] Pushing layer gcr.io/envjenkinsk8udacitycapstone/cache:4b68da773631d6c0107fc2242d08d793e7664eb3d58990d0a842a606adc9c751 to cache now 

Showing logs for build [32mablazleon-mynodejx-pr-2-pr-buil-5l782-1[0m stage [32mfrom-build-pack[0m and container [32mstep-postbuild-post-build[0m
no CVE provider running in the current ** namespace so skip adding image to be analysed

Showing logs for build [32mablazleon-mynodejx-pr-2-pr-buil-5l782-1[0m stage [32mfrom-build-pack[0m and container [32mstep-promote-make-preview[0m
sed -i -e "s/version:.*/version: 0.0.0-SNAPSHOT-PR-2-1/" Chart.yaml
sed -i -e "s/version:.*/version: 0.0.0-SNAPSHOT-PR-2-1/" ../*/Chart.yaml
sed -i -e "s|repository:.*|repository: gcr.io\/envjenkinsk8udacitycapstone\/mynode**|" values.yaml
sed -i -e "s/tag:.*/tag: 0.0.0-SNAPSHOT-PR-2-1/" values.yaml
echo "  version: 0.0.0-SNAPSHOT-PR-2-1" >> requirements.yaml
** step helm build
WARNING: No $CHART_REPOSITORY defined so using the default value of: http://jenkins-x-chartmuseum:8080
Adding missing Helm repo: storage.googleapis.com https://storage.googleapis.com/chartmuseum.jenkins-x.io
Successfully added Helm repository storage.googleapis.com.
Adding missing Helm repo: jenkins-x-chartmuseum http://jenkins-x-chartmuseum:8080
Successfully added Helm repository jenkins-x-chartmuseum.
WARNING: No $CHART_REPOSITORY defined so using the default value of: http://jenkins-x-chartmuseum:8080
Adding missing Helm repo: chartmuseum.jenkins-x.io http://chartmuseum.jenkins-x.io
Successfully added Helm repository chartmuseum.jenkins-x.io.

Showing logs for build [32mablazleon-mynodejx-pr-2-pr-buil-5l782-1[0m stage [32mfrom-build-pack[0m and container [32mstep-promote-jx-preview[0m
Creating a preview
Found commit author match for: ********* with email address: adrian.blazquez.leon@alumnos.upm.es
Created environment *********-mynode**-pr-2
Namespace **-*********-mynode**-pr-2 created 
expose:
  Annotations:
    helm.sh/hook: post-install,post-upgrade
    helm.sh/hook-delete-policy: hook-succeeded
  config:
    domain: 34.90.4.33.nip.io
    exposer: Ingress
    http: "true"
preview:
  image:
    repository: gcr.io/envjenkinsk8udacitycapstone/mynode**
    tag: 0.0.0-SNAPSHOT-PR-2-1

Updating PipelineActivities *********-mynode**-pr-2-1 which has status Running
Preview application is now available at: http://mynode**.**-*********-mynode**-pr-2.34.90.4.33.nip.io
